mode: count
github.com/hybridgroup/gobot/platforms/opencv/camera_driver.go:14.69,26.2 3 3
github.com/hybridgroup/gobot/platforms/opencv/camera_driver.go:28.37,29.30 1 1
github.com/hybridgroup/gobot/platforms/opencv/camera_driver.go:38.2,38.12 1 1
github.com/hybridgroup/gobot/platforms/opencv/camera_driver.go:48.2,48.13 1 1
github.com/hybridgroup/gobot/platforms/opencv/camera_driver.go:30.2,31.34 1 1
github.com/hybridgroup/gobot/platforms/opencv/camera_driver.go:32.2,33.38 1 0
github.com/hybridgroup/gobot/platforms/opencv/camera_driver.go:34.2,35.33 1 0
github.com/hybridgroup/gobot/platforms/opencv/camera_driver.go:38.12,39.7 1 1
github.com/hybridgroup/gobot/platforms/opencv/camera_driver.go:39.7,40.28 1 4221010
github.com/hybridgroup/gobot/platforms/opencv/camera_driver.go:40.28,42.21 2 0
github.com/hybridgroup/gobot/platforms/opencv/camera_driver.go:42.21,44.6 1 0
github.com/hybridgroup/gobot/platforms/opencv/camera_driver.go:51.36,51.51 1 1
github.com/hybridgroup/gobot/platforms/opencv/camera_driver.go:52.36,52.51 1 1
github.com/hybridgroup/gobot/platforms/opencv/utils.go:7.61,9.2 1 0
github.com/hybridgroup/gobot/platforms/opencv/utils.go:11.62,13.2 1 0
github.com/hybridgroup/gobot/platforms/opencv/utils.go:15.107,16.29 1 0
github.com/hybridgroup/gobot/platforms/opencv/utils.go:22.2,22.14 1 0
github.com/hybridgroup/gobot/platforms/opencv/utils.go:16.29,21.3 1 0
github.com/hybridgroup/gobot/platforms/opencv/window_driver.go:13.49,20.2 1 3
github.com/hybridgroup/gobot/platforms/opencv/window_driver.go:22.37,26.2 3 1
github.com/hybridgroup/gobot/platforms/opencv/window_driver.go:28.36,28.51 1 1
github.com/hybridgroup/gobot/platforms/opencv/window_driver.go:29.36,29.51 1 1
github.com/hybridgroup/gobot/platforms/opencv/window_driver.go:31.54,33.2 1 0
